
$ * -------------------------------------------------------------------------
$ *
$ * Copyright (c) 1995, 2004 IBM Corporation. All rights reserved.
$ * Copyright (c) 2005-2006 Rexx Language Association. All rights reserved.
$ *
$ * This program and the accompanying materials are made available under
$ * the terms of the Common Public License v1.0 which accompanies this
$ * distribution. A copy is also available at the following address:
$ * http://www.oorexx.org/license.html
$ *
$ * Redistribution and use in source and binary forms, with or
$ * without modification, are permitted provided that the following
$ * conditions are met:
$ *
$ * Redistributions of source code must retain the above copyright
$ * notice, this list of conditions and the following disclaimer.
$ * Redistributions in binary form must reproduce the above copyright
$ * notice, this list of conditions and the following disclaimer in
$ * the documentation and/or other materials provided with the distribution.
$ *
$ * Neither the name of Rexx Language Association nor the names
$ * of its contributors may be used to endorse or promote products
$ * derived from this software without specific prior written permission.
$ *
$ * THIS SOFTWARE IS PROVIDED BY THE COPYRIGHT HOLDERS AND CONTRIBUTORS
$ * "AS IS" AND ANY EXPRESS OR IMPLIED WARRANTIES, INCLUDING, BUT NOT
$ * LIMITED TO, THE IMPLIED WARRANTIES OF MERCHANTABILITY AND FITNESS
$ * FOR A PARTICULAR PURPOSE ARE DISCLAIMED. IN NO EVENT SHALL THE COPYRIGHT
$ * OWNER OR CONTRIBUTORS BE LIABLE FOR ANY DIRECT, INDIRECT, INCIDENTAL,
$ * SPECIAL, EXEMPLARY, OR CONSEQUENTIAL DAMAGES (INCLUDING, BUT NOT LIMITED
$ * TO, PROCUREMENT OF SUBSTITUTE GOODS OR SERVICES; LOSS OF USE, DATA,
$ * OR PROFITS; OR BUSINESS INTERRUPTION) HOWEVER CAUSED AND ON ANY THEORY
$ * OF LIABILITY, WHETHER IN CONTRACT, STRICT LIABILITY, OR TORT (INCLUDING
$ * NEGLIGENCE OR OTHERWISE) ARISING IN ANY WAY OUT OF THE USE OF THIS
$ * SOFTWARE, EVEN IF ADVISED OF THE POSSIBILITY OF SUCH DAMAGE.
$ *
$ * -------------------------------------------------------------------------
$ ******************************************************************************/
$ * REXX  Support                                                              */
$ *                                                                            */
$ * Definition of Rexx error message numbers                                   */
$ *                                                                            */
$ ******************************************************************************/
$ *
$ * ------------------------------------------------------------------------
$ * --    NOTE:   file is generated by build process
$ * --            ==================================================
$ * --            DO NOT CHANGE THIS FILE, ALL CHANGES WILL BE LOST!
$ * --            ==================================================
$ * ------------------------------------------------------------------------
$ *
$set 1 #REX


$ Error_Program_unreadable
3 Failure during initialization

$ Error_Program_interrupted
4 Program interrupted

$ Error_System_resources
5 System resources exhausted

$ Error_Unmatched_quote
6 Unmatched "/*" or quote

$ Error_When_expected
7 WHEN or OTHERWISE expected

$ Error_Unexpected_then
8 Unexpected THEN or ELSE

$ Error_Unexpected_when
9 Unexpected WHEN or OTHERWISE

$ Error_Unexpected_end
10 Unexpected or unmatched END

$ Error_Control_stack
11 Control stack full

$ Error_Invalid_character
13 Invalid character in program

$ Error_Incomplete_do
14 Incomplete DO/SELECT/IF

$ Error_Invalid_hex
15 Invalid hexadecimal or binary string

$ Error_Label_not_found
16 Label not found

$ Error_Unexpected_procedure
17 Unexpected PROCEDURE

$ Error_Then_expected
18 THEN expected

$ Error_Symbol_or_string
19 String or symbol expected

$ Error_Symbol_expected
20 Symbol expected

$ Error_Invalid_data
21 Invalid data on end of clause

$ Error_Invalid_character_string
22 Invalid character string

$ Error_Invalid_data_string
23 Invalid data string

$ Error_Invalid_trace
24 Invalid TRACE request

$ Error_Invalid_subkeyword
25 Invalid subkeyword found

$ Error_Invalid_whole_number
26 Invalid whole number

$ Error_Invalid_do
27 Invalid DO syntax

$ Error_Invalid_leave
28 Invalid LEAVE or ITERATE

$ Error_Environment_name
29 Environment name too long

$ Error_Name_too_long
30 Name or string too long

$ Error_Invalid_variable
31 Name starts with number or "."

$ Error_Expression_result
33 Invalid expression result

$ Error_Logical_value
34 Logical value not 0 or 1

$ Error_Invalid_expression
35 Invalid expression

$ Error_Unmatched_parenthesis
36 Unmatched "(" or "[" in expression

$ Error_Unexpected_comma
37 Unexpected ",", ")", or "]"

$ Error_Invalid_template
38 Invalid template or pattern

$ Error_Evaluation_stack_overflow
39 Evaluation stack overflow

$ Error_Incorrect_call
40 Incorrect call to routine

$ Error_Conversion
41 Bad arithmetic conversion

$ Error_Overflow
42 Arithmetic overflow/underflow

$ Error_Routine_not_found
43 Routine not found

$ Error_Function_no_data
44 Function or message did not return data

$ Error_No_data_on_return
45 No data specified on function RETURN

$ Error_Variable_reference
46 Invalid variable reference

$ Error_Unexpected_label
47 Unexpected label

$ Error_System_service
48 Failure in system service

$ Error_Interpretation
49 Interpretation error

$ Error_Invalid_argument
88 Invalid argument

$ Error_External_name_not_found
90 External name not found

$ Error_No_result_object
91 No result object

$ Error_Incorrect_method
93 Incorrect call to method

$ Error_No_method
97 Object method not found

$ Error_Execution
98 Execution error

$ Error_Translation
99 Translation error

$ Error_at_line
100 Error &1 running &2, line &3:

$ Message_Translations_January
102 January

$ Message_Translations_February
103 February

$ Message_Translations_March
104 March

$ Message_Translations_April
105 April

$ Message_Translations_May
106 May

$ Message_Translations_June
107 June

$ Message_Translations_July
108 July

$ Message_Translations_August
109 August

$ Message_Translations_September
110 September

$ Message_Translations_October
111 October

$ Message_Translations_November
112 November

$ Message_Translations_December
113 December

$ Message_Translations_debug_prompt
114 +++ Interactive trace. "Trace Off" to end debug, ENTER to Continue. +++

$ Error_RXSUBC_general
115 The RXSUBCOM parameters are incorrect.

$ Error_RXSUBC_register
116 The RXSUBCOM parameter REGISTER is incorrect.

$ Error_RXSUBC_drop
117 The RXSUBCOM parameter DROP is incorrect.

$ Error_RXSUBC_load
118 The RXSUBCOM parameter LOAD is incorrect.

$ Error_RXQUE_notinit
119 The REXX queuing system is not initialized.

$ Error_RXQUE_size
120 The size of the data is incorrect.

$ Error_RXQUE_nomem
121 Storage for data queues is exhausted.

$ Error_RXQUE_name
122 The name %1 is not a valid queue name.

$ Error_RXQUE_access
123 The queue access mode is not correct.

$ Error_RXQUE_exist
124 The queue %1 does not exist.

$ Error_RXSUBC_query
125 The RXSUBCOM parameter QUERY is incorrect.

$ Message_Translations_debug_error
126 +++ Interactive trace.  Error

$ Error_REXXC_cmd_parm_incorrect
127 The REXXC command parameters are incorrect.

$ Error_REXXC_outDifferent
128 Output file name must be different from input file name.

$ Error_REXXC_wrongNrArg
129 SYNTAX: REXXC InProgramName [OutProgramName] [/S]

$ Error_REXXC_SynCheckInfo
130 Without OutProgramName REXXC only performs a syntax check

$ Error_RXQUE_syntax
131 The syntax of the command is incorrect

$ Error_RXQUE_memfail
132 System error occurred while processing the command

$ Error_Program_unreadable_name
200 Failure during initialization: File "&1" is unreadable

$ Error_Program_interrupted_condition
201 Program interrupted with &1 condition

$ Error_Unmatched_quote_comment
202 Unmatched comment delimiter ("/*") on line &1

$ Error_Unmatched_quote_single
203 Unmatched single quote (')

$ Error_Unmatched_quote_double
204 Unmatched double quote (")

$ Error_When_expected_when
205 SELECT on line &1 requires WHEN

$ Error_When_expected_whenotherwise
206 SELECT on line &1 requires WHEN, OTHERWISE, or END

$ Error_When_expected_nootherwise
207 All WHEN expressions of SELECT are false; OTHERWISE expected

$ Error_Unexpected_then_then
208 THEN has no corresponding IF or WHEN clause

$ Error_Unexpected_then_else
209 ELSE has no corresponding THEN clause

$ Error_Unexpected_when_when
210 WHEN has no corresponding SELECT

$ Error_Unexpected_when_otherwise
211 OTHERWISE has no corresponding SELECT

$ Error_Unexpected_end_nodo
212 END has no corresponding DO or SELECT

$ Error_Unexpected_end_control
213 Symbol following END ("&1") must match block specification name ("&2") on line &3 or be omitted

$ Error_Unexpected_end_nocontrol
214 END corresponding to block on line &2 must not have a symbol following it because there is no LABEL or control variable; found "&1"

$ Error_Unexpected_end_then
215 END must not immediately follow THEN

$ Error_Unexpected_end_else
216 END must not immediately follow ELSE

$ Error_Unexpected_end_select
217 Symbol following END ("&1") must match LABEL of SELECT specification ("&2") on line &3 or be omitted

$ Error_Control_stack_full
218 Insufficient control stack space; cannot continue execution

$ Error_Invalid_character_char
219 Incorrect character in program "&1" ('&2'X)

$ Error_Incomplete_do_do
220 DO instruction on line &1 requires matching END

$ Error_Incomplete_do_select
221 SELECT instruction on line &1 requires matching END

$ Error_Incomplete_do_then
222 THEN on line &1 must be followed by an instruction

$ Error_Incomplete_do_else
223 ELSE on line &1 must be followed by an instruction

$ Error_Incomplete_do_otherwise
224 OTHERWISE on line &1 requires matching END

$ Error_Invalid_hex_hexblank
225 Incorrect location of whitespace character in position &1 in hexadecimal string

$ Error_Invalid_hex_binblank
226 Incorrect location of whitespace character in position &1 in binary string

$ Error_Invalid_hex_invhex
227 Only 0-9, a-f, A-F, and whitespace characters are valid in a hexadecimal string; found "&1"

$ Error_Invalid_hex_invbin
228 Only 0, 1, and whitespace characters are valid in a binary string; found "&1"

$ Error_Label_not_found_name
229 Label "&1" not found

$ Error_Unexpected_procedure_call
230 PROCEDURE is valid only when it is the first instruction executed after an internal CALL or function invocation

$ Error_Unexpected_procedure_interpret
231 INTERPRET data must not contain PROCEDURE

$ Error_Then_expected_if
232 IF instruction on line &1 requires matching THEN clause

$ Error_Then_expected_when
233 WHEN instruction on line &1 requires matching THEN clause

$ Error_Symbol_or_string_address
234 String or symbol expected after ADDRESS keyword

$ Error_Symbol_or_string_call
235 String or symbol expected after CALL keyword

$ Error_Symbol_or_string_name
236 String or symbol expected after NAME keyword

$ Error_Symbol_or_string_signal
237 String or symbol expected after SIGNAL keyword

$ Error_Symbol_or_string_stream
238 String or symbol expected after STREAM keyword

$ Error_Symbol_or_string_trace
239 String or symbol expected after TRACE keyword

$ Error_Symbol_or_string_parse
240 String or symbol expected after PARSE keyword

$ Error_Symbol_or_string_class
241 String or symbol expected after ::CLASS keyword

$ Error_Symbol_or_string_method
242 String or symbol expected after ::METHOD keyword

$ Error_Symbol_or_string_routine
243 String or symbol expected after ::ROUTINE keyword

$ Error_Symbol_or_string_requires
244 String or symbol expected after ::REQUIRES keyword

$ Error_Symbol_or_string_external
245 String or symbol expected after EXTERNAL keyword

$ Error_Symbol_or_string_metaclass
246 String or symbol expected after METACLASS keyword

$ Error_Symbol_or_string_subclass
247 String or symbol expected after SUBCLASS keyword

$ Error_Symbol_or_string_inherit
248 String or symbol expected after INHERIT keyword

$ Error_Symbol_or_string_tilde
249 String or symbol expected after tilde (~)

$ Error_Symbol_or_string_colon
250 String or symbol expected after superclass colon (:)

$ Error_Symbol_expected_drop
251 Symbol expected after DROP keyword

$ Error_Symbol_expected_expose
252 Symbol expected after EXPOSE keyword

$ Error_Symbol_expected_parse
253 Symbol expected after PARSE keyword

$ Error_Symbol_expected_var
254 Symbol expected after PARSE VAR

$ Error_Symbol_expected_numeric
255 NUMERIC must be followed by one of the keywords DIGITS, FORM, or FUZZ; found "&1"

$ Error_Symbol_expected_varref
256 Symbol expected after "(" of a variable reference

$ Error_Symbol_expected_leave
257 Symbol expected after LEAVE keyword

$ Error_Symbol_expected_iterate
258 Symbol expected after ITERATE keyword

$ Error_Symbol_expected_end
259 Symbol expected after END keyword

$ Error_Symbol_expected_on
260 Symbol expected after ON keyword

$ Error_Symbol_expected_off
261 Symbol expected after OFF keyword

$ Error_Symbol_expected_use
262 Symbol expected after USE ARG

$ Error_Symbol_expected_raise
263 Symbol expected after RAISE keyword

$ Error_Symbol_expected_user
264 Symbol expected after USER keyword

$ Error_Symbol_expected_directive
265 Symbol expected after ::

$ Error_Symbol_expected_colon
266 Symbol expected after superclass colon (:)

$ Error_Invalid_data_nop
267 Data must not follow the NOP keyword; found "&1"

$ Error_Invalid_data_select
268 Data must not follow the SELECT keyword; found "&1"

$ Error_Invalid_data_name
269 Data must not follow the NAME keyword; found "&1"

$ Error_Invalid_data_condition
270 Data must not follow the condition name; found "&1"

$ Error_Invalid_data_signal
271 Data must not follow the SIGNAL label name; found "&1"

$ Error_Invalid_data_trace
272 Data must not follow the TRACE setting; found "&1"

$ Error_Invalid_data_leave
273 Data must not follow the LEAVE control variable name; found "&1"

$ Error_Invalid_data_iterate
274 Data must not follow the ITERATE control variable name; found "&1"

$ Error_Invalid_data_end
275 Data must not follow the END control variable name; found "&1"

$ Error_Invalid_data_form
276 Data must not follow the NUMERIC FORM specification; found "&1"

$ Error_Invalid_data_guard_off
277 Data must not follow the GUARD OFF specification; found "&1"

$ Error_Invalid_character_string_char
278 Incorrect character string "&1" ('&2'X)

$ Error_Invalid_character_string_DBCS
279 Incorrect double-byte character

$ Error_Invalid_data_string_char
280 Incorrect data string "&1" ('&2'X)

$ Error_Invalid_trace_trace
281 TRACE request letter must be one of "ACEFILNOR"; found  "&1"

$ Error_Invalid_trace_debug
282 Numeric TRACE requests are valid only from interactive debugging

$ Error_Invalid_subkeyword_callon
283 CALL ON must be followed by one of the keywords ERROR, FAILURE, HALT, NOTREADY, USER, or ANY; found "&1"

$ Error_Invalid_subkeyword_calloff
284 CALL OFF must be followed by one of the keywords ERROR, FAILURE, HALT, NOTREADY, USER, or ANY; found "&1"

$ Error_Invalid_subkeyword_signalon
285 SIGNAL ON must be followed by one of the keywords ERROR, FAILURE, HALT, LOSTDIGITS, NOTREADY, NOMETHOD, NOSTRING, NOVALUE, SYNTAX, USER, or ANY; found "&1"

$ Error_Invalid_subkeyword_signaloff
286 SIGNAL OFF must be followed by one of the keywords ERROR, FAILURE, HALT, LOSTDIGITS, NOTREADY, NOMETHOD, NOSTRING, NOVALUE, SYNTAX, USER, or ANY; found "&1"

$ Error_Invalid_subkeyword_numeric
287 NUMERIC must be followed by one of the keywords DIGITS, FORM, or FUZZ; found "&1"

$ Error_Invalid_subkeyword_form
288 NUMERIC FORM must be followed by one of the keywords SCIENTIFIC or ENGINEERING; found "&1"

$ Error_Invalid_subkeyword_class
289 Unknown keyword on ::CLASS directive; found "&1"

$ Error_Invalid_subkeyword_method
290 Unknown keyword on ::METHOD directive; found "&1"

$ Error_Invalid_subkeyword_routine
291 Unknown keyword on ::ROUTINE directive; found "&1"

$ Error_Invalid_subkeyword_requires
292 Unknown keyword on ::REQUIRES directive; found "&1"

$ Error_Invalid_subkeyword_procedure
293 PROCEDURE must be followed by the keyword EXPOSE or nothing; found "&1"

$ Error_Invalid_subkeyword_callonname
294 CALL ON condition must be followed by the keyword NAME; found "&1"

$ Error_Invalid_subkeyword_signalonname
295 SIGNAL ON condition must be followed by the keyword NAME; found "&1"

$ Error_Invalid_subkeyword_parse
296 PARSE must be followed by one of the keywords ARG, LINEIN, PULL, SOURCE, VALUE, VAR, or VERSION; found "&1"

$ Error_Invalid_subkeyword_use
297 USE must be followed by the keyword ARG; found "&1"

$ Error_Invalid_subkeyword_raise
298 RAISE must be followed by one of the keywords ERROR, FAILURE, HALT, LOSTDIGITS, NOMETHOD, NOSTRING, NOTREADY, NOVALUE, SYNTAX, or USER; found "&1"

$ Error_Invalid_subkeyword_raiseoption
299 Unknown keyword on RAISE instruction; found "&1"

$ Error_Invalid_subkeyword_description
300 Duplicate DESCRIPTION keyword found

$ Error_Invalid_subkeyword_additional
301 Duplicate ADDITIONAL or ARRAY keyword found

$ Error_Invalid_subkeyword_result
302 Duplicate RETURN or EXIT keyword found

$ Error_Invalid_subkeyword_guard_on
303 GUARD ON or GUARD OFF must be followed by the keyword WHEN; found "&1"

$ Error_Invalid_whole_number_power
304 Operand to the right of the power operator (**) must be a whole number; found "&1"

$ Error_Invalid_whole_number_repeat
305 Value of repetition count expression in DO instruction must be zero or a positive whole number; found "&1"

$ Error_Invalid_whole_number_for
306 Value of FOR expression in DO instruction must be zero or a positive whole number; found "&1"

$ Error_Invalid_whole_number_parse
307 Positional pattern of PARSE template must be a whole number; found "&1"

$ Error_Invalid_whole_number_digits
308 NUMERIC DIGITS value must be a positive whole number; found "&1"

$ Error_Invalid_whole_number_fuzz
309 NUMERIC FUZZ value must be zero or a positive whole number; found "&1"

$ Error_Invalid_whole_number_trace
310 Number used in TRACE setting must be a whole number; found "&1"

$ Error_Invalid_whole_number_intdiv
311 Result of % operation did not result in a whole number

$ Error_Invalid_whole_number_rem
312 Result of // operation did not result in a whole number

$ Error_Invalid_do_whileuntil
313 WHILE and UNTIL keywords cannot be used on the same DO loop

$ Error_Invalid_do_forever
314 Incorrect data following FOREVER keyword on the DO loop; found "&1"

$ Error_Invalid_leave_leave
315 LEAVE is valid only within a repetitive loop or labeled block instruction

$ Error_Invalid_leave_iterate
316 ITERATE is valid only within a repetitive loop

$ Error_Invalid_leave_leavevar
317 Symbol following LEAVE ("&1") must either match the label of a current loop or block instruction.

$ Error_Invalid_leave_iteratevar
318 Symbol following ITERATE ("&1") must either match the label of a current loop or be omitted

$ Error_Environment_name_name
319 Environment name exceeds &1 characters; found "&2"

$ Error_Name_too_long_name
320 Name exceeds 250 characters:  "&1"

$ Error_Name_too_long_string
321 Literal string exceeds 250 characters:  "&1"

$ Error_Name_too_long_hex
322 Hexadecimal literal string exceeds 250 characters "&1"

$ Error_Name_too_long_bin
323 Binary literal string exceeds 250 characters "&1"

$ Error_Invalid_variable_assign
324 A value cannot be assigned to a number; found "&1"

$ Error_Invalid_variable_number
325 Variable symbol must not start with a number; found "&1"

$ Error_Invalid_variable_period
326 Variable symbol must not start with a "."; found "&1"

$ Error_Expression_result_digits
327 Value of NUMERIC DIGITS ("&1") must exceed value of NUMERIC FUZZ ("&2")

$ Error_Expression_result_maxdigits
328 Value of NUMERIC DIGITS ("&1") must not exceed &2

$ Error_Expression_result_address
329 Incorrect expression result following VALUE keyword of ADDRESS instruction

$ Error_Expression_result_signal
330 Incorrect expression result following VALUE keyword of SIGNAL instruction

$ Error_Expression_result_trace
331 Incorrect expression result following VALUE keyword of TRACE instruction

$ Error_Expression_result_raise
332 Incorrect expression result following SYNTAX keyword of RAISE instruction

$ Error_Logical_value_if
333 Value of expression following IF keyword must be exactly "0" or "1"; found "&1"

$ Error_Logical_value_when
334 Value of expression following WHEN keyword must be exactly "0" or "1"; found "&1"

$ Error_Logical_value_while
335 Value of expression following WHILE keyword must be exactly "0" or "1"; found "&1"

$ Error_Logical_value_until
336 Value of expression following UNTIL keyword must be exactly "0" or "1"; found "&1"

$ Error_Logical_value_logical
337 Value of expression to the left of the logical operator "&1" must be exactly "0" or "1"; found "&2"

$ Error_Logical_value_method
338 Logical value must be exactly "0" or "1"; found "&1"

$ Error_Logical_value_guard
339 Value of expression following GUARD keyword must be exactly "0" or "1"; found "&1"

$ Error_Invalid_expression_general
340 Incorrect expression detected at "&1"

$ Error_Invalid_expression_prefix
341 Prefix operator "&1" is not followed by an expression term

$ Error_Invalid_expression_if
342 Missing conditional expression following IF keyword

$ Error_Invalid_expression_when
343 Missing conditional expression following WHEN keyword

$ Error_Invalid_expression_control
344 Missing initial expression for DO control variable

$ Error_Invalid_expression_by
345 Missing expression following BY keyword

$ Error_Invalid_expression_to
346 Missing expression following TO keyword

$ Error_Invalid_expression_for
347 Missing expression following FOR keyword

$ Error_Invalid_expression_while
348 Missing expression following WHILE keyword

$ Error_Invalid_expression_until
349 Missing expression following UNTIL keyword

$ Error_Invalid_expression_over
350 Missing expression following OVER keyword

$ Error_Invalid_expression_interpret
351 Missing expression following INTERPRET keyword

$ Error_Invalid_expression_options
352 Missing expression following OPTIONS keyword

$ Error_Invalid_expression_address
353 Missing expression following VALUE keyword of an ADDRESS instruction

$ Error_Invalid_expression_signal
354 Missing expression following VALUE keyword of a SIGNAL instruction

$ Error_Invalid_expression_trace
355 Missing expression following VALUE keyword of a TRACE instruction

$ Error_Invalid_expression_form
356 Missing expression following VALUE keyword of a NUMERIC FORM instruction

$ Error_Invalid_expression_assign
357 Missing expression following assignment instruction

$ Error_Invalid_expression_operator
358 Operator "&1" is not followed by an expression term

$ Error_Invalid_expression_guard
359 Missing expression following GUARD keyword

$ Error_Invalid_expression_raise_description
360 Missing expression following DESCRIPTION keyword of a RAISE instruction

$ Error_Invalid_expression_raise_additional
361 Missing expression following ADDITIONAL keyword of a RAISE instruction

$ Error_Invalid_expression_raise_list
362 Missing "(" on expression list of the ARRAY keyword

$ Error_Unmatched_parenthesis_paren
363 Left parenthesis "(" in position &1 on line &2 requires a corresponding right parenthesis ")"

$ Error_Unmatched_parenthesis_square
364 Square bracket "[" in position &1 on line &2 requires a corresponding right square bracket "]"

$ Error_Unexpected_comma_comma
365 Unexpected ","

$ Error_Unexpected_comma_paren
366 Unmatched ")" in expression

$ Error_Unexpected_comma_bracket
367 Unexpected "]"

$ Error_Invalid_template_trigger
368 Incorrect PARSE template detected at "&1"

$ Error_Invalid_template_position
369 Incorrect PARSE position detected at "&1"

$ Error_Invalid_template_with
370 PARSE VALUE instruction requires WITH keyword

$ Error_Invalid_template_missing
371 Missing PARSE relative position

$ Error_Incorrect_call_external
372 External routine "&1" failed

$ Error_Incorrect_call_result
373 Result returned by &1 is longer than &2:  "&3"

$ Error_Incorrect_call_minarg
374 Not enough arguments in invocation of &1; minimum expected is &2

$ Error_Incorrect_call_maxarg
375 Too many arguments in invocation of &1; maximum expected is &2

$ Error_Incorrect_call_noarg
376 Missing argument in invocation of &1; argument &2 is required

$ Error_Incorrect_call_number
377 &1 argument &2 must be a number; found "&3"

$ Error_Incorrect_call_whole
378 &1 argument &2 must be a whole number; found "&3"

$ Error_Incorrect_call_nonnegative
379 &1 argument &2 must be zero or positive; found "&3"

$ Error_Incorrect_call_positive
380 &1 argument &2 must be positive; found "&3"

$ Error_Incorrect_call_toobig
381 &1 argument &2 must not exceed the whole number limit.

$ Error_Incorrect_call_range
382 &1 argument &2 must be in the range 0-99; found "&3"

$ Error_Incorrect_call_null
383 &1 argument &2 must not be a null string

$ Error_Incorrect_call_option
384 &1 argument &2 must be a single character or null; found "&3"

$ Error_Incorrect_call_pad
385 &1 argument &2 must be a single character; found "&3"

$ Error_Incorrect_call_binary
386 &1 argument &2 must be a binary string; found "&3"

$ Error_Incorrect_call_hex
387 &1 argument &2 must be a hexadecimal string; found "&3"

$ Error_Incorrect_call_symbol
388 &1 argument &2 must be a valid symbol; found "&3"

$ Error_Incorrect_call_list
389 &1 argument &2 must be one of &3; found "&4"

$ Error_Incorrect_call_trace
390 TRACE setting letter must be one of "ACEFILNOR"; found "&1"

$ Error_Incorrect_call_random
391 RANDOM argument 1 ("&1") must be less than or equal to argument 2 ("&2")

$ Error_Incorrect_call_sourceline
392 SOURCELINE argument 1 ("&1") must be less than or equal to the number of lines in the program (&2)

$ Error_Incorrect_call_x2d
393 X2D argument 1 cannot be expressed as a whole number; found "&1"

$ Error_Incorrect_call_format_invalid
394 &1 argument 2, "&2", is not in the format described by argument 3, "&3"

$ Error_Incorrect_call_invalid_conversion
395 &1 conversion to format "&2" is not allowed

$ Error_Incorrect_call_random_range
396 RANDOM difference between argument 1 ("&1") and argument 2 ("&2") must not exceed 999,999,999

$ Error_Incorrect_call_stream_name
397 &1 argument 1 must be a valid stream name; found "&2"

$ Error_Incorrect_method_stream_type
398 Positioning of transient streams is not valid

$ Error_Incorrect_call_array
400 &1 argument &2 must be a single-dimensional array; found "&3"

$ Error_Incorrect_call_nostring
401 &1 argument &2 must have a string value; found "&3"

$ Error_Incorrect_call_selector
402 Unknown VALUE function variable environment selector; found "&1"

$ Error_Conversion_operator
404 Nonnumeric value ("&1") used in arithmetic operation

$ Error_Conversion_prefix
405 Nonnumeric value ("&1") used with prefix operator

$ Error_Conversion_exponent
406 Exponent exceeds &1 digits; found "&2"

$ Error_Conversion_to
407 Value of TO expression of DO instruction must be numeric; found "&1"

$ Error_Conversion_by
408 Value of BY expression of DO instruction must be numeric; found "&1"

$ Error_Conversion_control
409 Value of control variable expression of DO instruction must be numeric; found "&1"

$ Error_Conversion_raise
410 Value of RAISE instruction SYNTAX expression must be numeric; found "&1"

$ Error_Overflow_overflow
411 Arithmetic overflow detected at:  "&1&2&3"

$ Error_Overflow_underflow
412 Arithmetic underflow detected at:  "&1&2&3"

$ Error_Overflow_zero
413 Arithmetic overflow; divisor must not be zero

$ Error_Overflow_expoverflow
414 Arithmetic overflow; exponent ("&1") exceeds &2 digits

$ Error_Overflow_expunderflow
415 Arithmetic underflow; exponent ("&1") exceeds &2 digits

$ Error_Overflow_power
416 Arithmetic underflow; zero raised to a negative power

$ Error_Routine_not_found_name
417 Could not find routine "&1"

$ Error_Routine_not_found_requires
418 Could not find routine "&1" for ::REQUIRES

$ Error_Function_no_data_function
419 No data returned from function "&1"

$ Error_No_data_on_return_name
420 Data expected on RETURN instruction because routine "&1" was called as a function

$ Error_Variable_reference_extra
421 Extra token ("&1") found in variable reference list; ")" expected

$ Error_Variable_reference_missing
422 Missing ")" in variable reference

$ Error_Variable_reference_use
423 Extra token ("&1") found in USE ARG variable reference; "," or end of instruction expected

$ Error_Unexpected_label_interpret
424 INTERPRET data must not contain labels; found "&1"

$ Error_System_service_service
425 Failure in system service: &1

$ Error_External_name_not_found_class
426 Unable to find external class "&1"

$ Error_External_name_not_found_method
427 Unable to find external method "&1"

$ Error_External_name_not_found_routine
428 Unable to find external routine "&1"

$ Error_No_result_object_message
429 Message "&1" did not return a result

$ Error_Incorrect_method_minarg
431 Not enough arguments in method; &1 expected

$ Error_Incorrect_method_maxarg
432 Too many arguments in invocation of method; &1 expected

$ Error_Incorrect_method_noarg
433 Missing argument in method; argument &1 is required

$ Error_Incorrect_method_number
434 Method argument &1 must be a number; found "&2"

$ Error_Incorrect_method_whole
435 Method argument &1 must be a whole number; found "&2"

$ Error_Incorrect_method_nonnegative
436 Method argument &1 must be zero or a positive whole number; found "&2"

$ Error_Incorrect_method_positive
437 Method argument &1 must be a positive whole number; found "&2"

$ Error_Incorrect_method_toobig
438 Method argument &1 must not exceed &2; found "&3"

$ Error_Incorrect_method_range
439 Method argument &1 must be in the range 0-99; found "&2"

$ Error_Incorrect_method_null
440 Method argument &1 must not be null

$ Error_Incorrect_method_hex
441 Method argument &1 must be a hexadecimal string; found "&2"

$ Error_Incorrect_method_symbol
442 Method argument &1 must be a valid symbol; found "&2"

$ Error_Incorrect_method_list
443 Method argument &1 must be one of &2; found "&3"

$ Error_Incorrect_method_option
444 Method option must be one of "&1"; found "&2"

$ Error_Incorrect_method_string
445 Method argument &1 must have a string value

$ Error_Incorrect_method_methodname
446 Method &1 does not exist

$ Error_Incorrect_method_index
447 Incorrect list index "&1"

$ Error_Incorrect_method_array
448 Incorrect array position "&1"

$ Error_Incorrect_method_binary
449 Argument missing on binary operator

$ Error_Incorrect_method_pad
450 Incorrect pad or character argument specified; found "&1"

$ Error_Incorrect_method_length
451 Incorrect length argument specified; found "&1"

$ Error_Incorrect_method_position
452 Incorrect position argument specified; found "&1"

$ Error_Incorrect_method_minsub
453 Not enough subscripts for array; &1 expected

$ Error_Incorrect_method_maxsub
454 Too many subscripts for array; &1 expected

$ Error_Incorrect_method_d2xd2c
455 Length must be specified to convert a negative value

$ Error_Incorrect_method_d2x
456 D2X value must be a valid whole number; found "&1"

$ Error_Incorrect_method_d2c
457 D2C value must be a valid whole number; found "&1"

$ Error_Incorrect_method_hexblank
458 Incorrect location of whitespace character in position &1 in hexadecimal string

$ Error_Incorrect_method_binblank
459 Incorrect location of whitespace character in position &1 in binary string

$ Error_Incorrect_method_invhex
460 Only 0-9, a-f, A-F, and whitespace characters are valid in a hexadecimal string; character found "&1"

$ Error_Incorrect_method_invbin
461 Only 0, 1, and whitespace characters are valid in a binary string; character found "&1"

$ Error_Incorrect_method_x2dbig
462 X2D result is not a valid whole number with NUMERIC DIGITS &1

$ Error_Incorrect_method_c2dbig
463 C2D result is not a valid whole number with NUMERIC DIGITS &1

$ Error_Incorrect_method_supplier
464 No more supplier items available

$ Error_Incorrect_method_nostring
465 Method argument &1 must have a string value

$ Error_Incorrect_method_noarray
466 Method argument &1 must have a single-dimensional array value

$ Error_Incorrect_method_exponent_oversize
467 Exponent "&1" is too large for &2 spaces

$ Error_Incorrect_method_before_oversize
468 Integer part "&1" is too large for &2 spaces

$ Error_Incorrect_method_string_nonumber
469 &1 method target must be a number; found "&2"

$ Error_Incorrect_method_nomessage
470 Method argument &1 must be a message object

$ Error_Incorrect_method_message_noarg
471 Missing argument in message array; argument &1 is required

$ Error_Incorrect_method_message
472 A message array must be a single-dimensional array with 2 elements

$ Error_Incorrect_method_section
473 Method SECTION can be used only on single-dimensional arrays

$ Error_Incorrect_method_noclass
474 Method argument &1 must be of the &2 class

$ Error_Incorrect_method_nomatch
475 The index and value objects must be the same for PUT to an index-only collection

$ Error_No_method_name
476 Object "&1" does not understand message "&2"

$ Error_Execution_nodouble
478 Unable to convert object "&1" to a double-float value

$ Error_Execution_library
479 Unable to load library "&1"

$ Error_Execution_terminate
480 Abnormal termination occurred

$ Error_Execution_deadlock
481 Deadlock detected on a guarded method

$ Error_Execution_badobject
482 Incorrect object reference detected

$ Error_Execution_wrongobject
483 Object of type "&1" was required

$ Error_Execution_nometaclass
484 Metaclass "&1" not found

$ Error_Execution_noclass
485 Class "&1" not found

$ Error_Execution_cyclic
486 Cyclic inheritance in program "&1"

$ Error_Execution_noarray
488 Unable to convert object "&1" to a single-dimensional array value

$ Error_Execution_nostring
489 Unable to convert object "&1" to a string value

$ Error_Execution_message_reuse
490 A message object cannot be sent more than one SEND or START message

$ Error_Execution_message_error
491 Message object "&1" received an error from message "&2"

$ Error_Execution_raise_object
492 Incorrect condition object received for RAISE OBJECT; found "&1"

$ Error_Execution_propagate
493 No active condition available for PROPAGATE

$ Error_Execution_nomethod
494 Unable to convert object "&1" to a method

$ Error_Execution_reply
500 REPLY can be issued only once per method invocation

$ Error_Execution_reply_return
501 RETURN cannot return a value after a REPLY

$ Error_Execution_reply_exit
502 EXIT cannot return a value after a REPLY

$ Error_Execution_super
503 Message search overrides can be used only from methods of the target object

$ Error_Execution_syntax_additional
504 Additional information for SYNTAX errors must be a single-dimensional array of values

$ Error_Execution_error_condition
505 Unknown error number specified on RAISE SYNTAX; found "&1"

$ Error_Translation_duplicate_class
506 Duplicate ::CLASS directive instruction

$ Error_Translation_duplicate_method
507 Duplicate ::METHOD directive instruction

$ Error_Translation_duplicate_routine
508 Duplicate ::ROUTINE directive instruction

$ Error_Translation_duplicate_requires
509 Duplicate ::REQUIRES directive instruction

$ Error_Translation_missing_class
510 CLASS keyword on ::METHOD directive requires a matching ::CLASS directive

$ Error_Translation_bad_metaclass
511 "&1" is not a valid metaclass

$ Error_Translation_expose
512 EXPOSE must be the first instruction executed after a method invocation

$ Error_Translation_expose_interpret
513 INTERPRET data must not contain EXPOSE

$ Error_Translation_guard
514 GUARD must be the first instruction executed after EXPOSE or USE

$ Error_Translation_guard_guard
515 GUARD can only be issued in an object method invocation

$ Error_Translation_guard_interpret
516 INTERPRET data must not contain GUARD

$ Error_Translation_guard_expose
517 GUARD instruction did not include references to exposed variables

$ Error_Translation_directive_interpret
518 INTERPRET data must not contain directive instructions

$ Error_Translation_use_interpret
519 INTERPRET data must not contain USE

$ Error_Translation_bad_directive
520 Unrecognized directive instruction

$ Error_Translation_bad_external
521 Incorrect external directive name "&1"

$ Error_Translation_use_comma
522 USE ARG requires a "," between variable names; found "&1"

$ Error_Translation_reply
523 REPLY can only be issued in an object method invocation

$ Message_Translations_error
524 Error

$ Message_Translations_running
525 running

$ Message_Translations_line
526 line

$ Error_Interpretation_initialization
529 Interpretation error: unexpected failure initializing the interpreter

$ Error_Invalid_subkeyword_guard
530 GUARD must be followed by the keyword ON or OFF; found "&1"

$ Error_Incorrect_method_time
531 Incorrect alarm time; found "&1"

$ Error_Execution_mixinclass
532 Class "&1" must be a MIXINCLASS for INHERIT

$ Error_Execution_baseclass
533 Class "&1" is not a subclass of "&2" base class "&3"

$ Error_Program_unreadable_notfound
534 Failure during initialization: Program "&1" was not found

$ Error_Execution_recursive_inherit
535 Class "&1" cannot inherit from itself, a superclass, or a subclass ("&2")

$ Error_Execution_uninherit
536 Class "&1" has not inherited class "&2"

$ Error_Translation_invalid_line
537 Incorrect program line in method source array

$ Error_Translation_requires
538 ::REQUIRES directives must appear before other directive instructions

$ Error_Incorrect_method_no_method
539 Method argument &1 must have a string value or an array value

$ Error_Incorrect_method_argType
540 Method argument &1 could not be converted to type &2

$ Error_Incorrect_method_array_dimension
541 Method "&1" can be used only on a single-dimensional array

$ Error_Incorrect_method_nostring_inarray
542 Method argument &1 is an array and does not contain all string values

$ Error_Incorrect_method_array_nostring
543 Element &1 of the array must be a string

$ Error_Incorrect_method_array_noclass
544 Element &1 of the array must be a subclass of the target object

$ Error_Invalid_do_duplicate
545 DO keyword &1 can be specified only once

$ Error_Incorrect_method_array_too_big
546 An array cannot contain more than 99,999,999 elements

$ Error_Program_unreadable_output_error
547 Error writing output file "&1"

$ Error_Execution_forward_arguments
548 FORWARD arguments must be a single-dimensional array of values

$ Error_Invalid_subkeyword_forward_option
549 Unknown keyword on FORWARD instruction; found "&1"

$ Error_Invalid_subkeyword_to
550 Duplicate TO keyword found

$ Error_Invalid_subkeyword_arguments
551 Duplicate ARGUMENTS or ARRAY keyword found

$ Error_Invalid_subkeyword_continue
552 Duplicate RETURN or CONTINUE keyword found

$ Error_Invalid_subkeyword_forward_class
553 Duplicate CLASS keyword found

$ Error_Invalid_subkeyword_message
554 Duplicate MESSAGE keyword found

$ Error_Invalid_expression_forward_to
555 Missing expression following TO keyword of a FORWARD instruction

$ Error_Invalid_expression_forward_arguments
556 Missing expression following ARGUMENTS keyword of a FORWARD instruction

$ Error_Invalid_expression_forward_message
557 Missing expression following MESSAGE keyword of a FORWARD instruction

$ Error_Invalid_expression_forward_class
558 Missing expression following CLASS keyword of a FORWARD instruction

$ Error_Execution_forward
559 FORWARD can only be issued in an object method invocation

$ Error_Program_unreadable_version
560 Program "&1" cannot be run by this version of the REXX interpreter

$ Error_Translation_reply_interpret
561 INTERPRET data must not contain REPLY

$ Error_Translation_forward_interpret
562 INTERPRET data must not contain FORWARD

$ Error_Logical_value_authorization
563 Authorization return value must be exactly "0" or "1"; found "&1"

$ Error_Execution_authorization
564 Authorization failure:  &1

$ Error_Translation_invalid_attribute
565 An ATTRIBUTE method name must be a valid variable name; found "&1"

$ Error_Symbol_or_string_mixinclass
566 String or symbol expected after MIXINCLASS keyword

$ Error_Translation_class_external_bad_parameters
580 Incorrect class external; too many parameters

$ Error_Execution_no_concurrency
581 Concurrency not supported

$ Error_Translation_class_external_bad_class_name
583 Incorrect class external; class name missing or invalid

$ Error_Translation_class_external_bad_class_server
584 Incorrect class external; invalid class server "&1"

$ Error_Incorrect_call_parm_wrong_sep
586 &1 argument &2 must be a single non-alphanumeric character or the null string; found "&3"

$ Error_Incorrect_call_format_incomp_sep
587 &1 argument &2, "&3", is a format incompatible with the separator specified in argument &4

$ Error_Incorrect_call_queue_no_char
588 &1 cannot be used with QUEUE:

$ Error_OLE_Error
589 OLE error

$ Error_Unknown_OLE_Error
590 An unknown OLE error occurred (HRESULT=&1).

$ Error_Variant2Rexx
591 Cannot convert OLE VARIANT to REXX object: The conversion of the VARIANT type &1 into a REXX object failed.

$ Error_Rexx2Variant
592 Cannot convert REXX object to OLE VARIANT: The conversion of &1 into a VARIANT failed.

$ Error_Argument_Count_Mismatch
593 The number of elements provided to the method or property is different from the number of parameters accepted by it.

$ Error_Invalid_Variant
594 One of the parameters is not a valid VARIANT type.

$ Error_OLE_Exception
595 OLE exception: &1

$ Error_Unknown_OLE_Method
596 The requested method does not exist, or you tried to set the value of a read-only property.

$ Error_Coercion_Failed_Overflow
597 One of the parameters could not be coerced to the desired type.

$ Error_Coercion_Failed_Type_Mismatch
598 One or more of the parameters could not be coerced to the desired type. The first parameter with incorrect type is argument &1.

$ Error_Parameter_Omitted
599 A required parameter was omitted.

$ Error_No_OLE_instance
600 Could not create OLE instance.

$ Error_Client_Disconnected_From_Server
601 The object invoked has disconnected from its clients.

$ Error_Program_not_tokenized
602 Failure during initialization: Program "&1" needs to be tokenized. To run untokenized scripts you need a full version of Object REXX.

$ Error_Incorrect_call_read_from_writeonly
603 Cannot read from a write-only property.

$ Error_Incorrect_call_write_to_readonly
604 Cannot write to a read-only property or typelib element.

$ Error_Incorrect_method_invbase64
611 Invalid Base 64 encoded string.

$ Error_Unsupported_method
612 Call to unsupported or unimplemented method

$ Error_Application_error
613 Application error:  &1

$ Error_Program_unreadable_user_defined
614 &1

$ Error_Program_interrupted_user_defined
615 &1

$ Error_System_resources_user_defined
616 &1

$ Error_Control_stack_user_defined
617 &1

$ Error_Invalid_character_user_defined
618 &1

$ Error_Symbol_or_string_user_defined
619 &1

$ Error_Symbol_expected_user_defined
620 &1

$ Error_Invalid_data_user_defined
621 &1

$ Error_Invalid_character_string_user_defined
622 &1

$ Error_Invalid_data_string_user_defined
623 &1

$ Error_Invalid_subkeyword_string_user_defined
624 &1

$ Error_Invalid_whole_number_user_defined
625 &1

$ Error_Name_too_long_user_defined
626 &1

$ Error_Invalid_variable_user_defined
627 &1

$ Error_Expression_user_defined
628 &1

$ Error_Logical_value_user_defined
629 &1

$ Error_Invalid_expression_user_defined
630 &1

$ Error_Unmatched_parenthesis_user_defined
631 &1

$ Error_Unexpected_comma_user_defined
632 &1

$ Error_Invalid_template_user_defined
633 &1

$ Error_Incorrect_call_user_defined
634 &1

$ Error_Conversion_user_defined
635 &1

$ Error_Overflow_user_defined
636 &1

$ Error_Routine_not_found_user_defined
637 &1

$ Error_Function_no_data_user_defined
638 &1

$ Error_Variable_reference_user_defined
639 &1

$ Error_System_service_user_defined
640 &1

$ Error_Interpretation_user_defined
641 &1

$ Error_External_name_not_found_user_defined
642 &1

$ Error_No_result_object_user_defined
643 &1

$ Error_OLE_Error_user_defined
644 &1

$ Error_Incorrect_method_user_defined
645 &1

$ Error_No_method_user_defined
646 &1

$ Error_Execution_user_defined
647 &1

$ Error_Translation_user_defined
648 &1

$ Error_Unmatched_quote_user_defined
649 &1

$ Error_Invalid_whole_number_method
650 Result of a method call did not result in a whole number; found "&1"

$ Error_Logical_value_property
651 Property logical value must be exactly "0", "1", "true", or "false"; found "&1"

$ Error_Variable_expected
652 Variable or message term expected

$ Error_Variable_expected_USE
653 The USE instruction requires a comma-separated list of variables or assignment message terms

$ Error_Variable_expected_PARSE
654 The PARSE was expecting a variable or a message term.

$ Error_Symbol_expected_LABEL
655 Symbol expected after LABEL keyword

$ Error_Invalid_subkeyword_select
656 SELECT must be followed by the keyword LABEL; found "&1"

$ Error_Invalid_leave_iterate_name
657 Symbol following ITERATE ("&1") does not match a repetitive block instruction

$ Error_Unexpected_end_select_nolabel
658 END corresponding to SELECT on line &2 must not have a symbol following it because there is no LABEL; found "&1"

$ Error_Logical_value_logical_list
659 Value of logical list expression element must be exactly "0" or "1"; found "&2"

$ Error_Invalid_expression_logical_list
660 Missing expression in logical_expression_list

$ Error_Translation_use_strict_ellipsis
663 The "..." argument marker can only appear at the end of the argument list

$ Error_Invalid_expression_use_strict_default
664 Missing expression following "=" token of a USE STRICT ARG instruction

$ Error_Incorrect_method_abstract
665 Method &1 is ABSTRACT and cannot be directly invoked

$ Error_Invalid_whole_number_compareto
666 Result of a COMPARETO method call did not result in a whole number; found "&1"

$ Error_Invalid_whole_number_compare
667 Result of a COMPARE method call did not result in a whole number; found "&1"

$ Error_Execution_sparse_array
668 Missing array element at position &1

$ Error_Incorrect_method_queue_index
669 Incorrect queue index "&1"

$ Error_Execution_nostem
670 Stem object default value cannot be another stem object

$ Error_Invalid_argument_user_defined
671 &1

$ Error_Invalid_argument_noarg
672 Missing argument; argument &1 is required

$ Error_Invalid_argument_number
673 Argument &1 must be a number; found "&2"

$ Error_Invalid_argument_whole
674 Argument &1 must be a whole number; found "&2"

$ Error_Invalid_argument_nonnegative
675 Argument &1 must be zero or a positive whole number; found "&2"

$ Error_Invalid_argument_positive
676 Argument &1 must be a positive whole number; found "&2"

$ Error_Invalid_argument_toobig
677 Argument &1 must not exceed &2; found "&3"

$ Error_Invalid_argument_range
678 Argument &1 must be in the range &2 to &3; found "&4"

$ Error_Invalid_argument_null
679 Argument &1 must not be a null string

$ Error_Invalid_argument_string
680 Argument &1 must have a string value

$ Error_Invalid_argument_pad
681 Argument &1 is an incorrect pad or character argument; found "&2"

$ Error_Invalid_argument_length
682 Argument &1 is an incorrect length argument; found "&2"

$ Error_Invalid_argument_position
683 Argument &1 is an incorrect position argument; found "&2"

$ Error_Invalid_argument_noarray
684 Argument &1 must have a single-dimensional array value

$ Error_Invalid_argument_noclass
685 Argument &1 must be of the &2 class

$ Error_Invalid_argument_argType
686 Argument &1 could not be converted to type &2

$ Error_Invalid_argument_list
687 Argument &1 must be one of &2; found "&3"

$ Error_Invalid_argument_general
688 Argument &1 &2

$ Error_Translation_duplicate_attribute
689 Duplicate ::ATTRIBUTE directive instruction

$ Error_Invalid_argument_format
690 Argument &1 is not in a valid format; found "&2"

$ Error_Unsupported_new_method
691 NEW method is not supported for the &1 class

$ Error_Symbol_or_string_attribute
692 String or symbol expected as ::ATTRIBUTE directive name

$ Error_Symbol_or_string_constant
693 String or symbol expected as ::CONSTANT directive name

$ Error_Symbol_or_string_constant_value
694 String or symbol expected as ::CONSTANT value

$ Error_Translation_duplicate_constant
695 Duplicate ::CONSTANT directive instruction

$ Error_Execution_library_method
697 Unable to load method "&1" from library "&1"

$ Error_Execution_library_routine
698 Unable to load routine "&1" from library "&1"

$ Error_Execution_native_routine
699 Unable to load native routine "&1"

$ Error_Incorrect_call_signature
700 Invalid native function signature specification

$ Error_Incorrect_method_signature
701 Invalid native method signature specification

$ Error_Incorrect_call_nostem
702 Argument &1 must have a stem object or stem name value; found "&2"

$ Error_Incorrect_method_nostem
703 Method argument &1 must have a stem object value; found "&2"

$ Error_Invalid_argument_pointer
704 Argument &1 is not in valid pointer format; found "&2"

$ Error_Invalid_argument_nostem
705 Argument &1 must have a stem object or stem name value; found "&2"

$ Error_Invalid_argument_double
706 Argument &1 must be a valid double value; found "&2"

$ Error_Invalid_argument_maxarg
707 Too many arguments in invocation; &1 expected

$ Error_Invalid_data_constant_dir
708 Data must not follow the ::CONSTANT value; found "&1"

$ Error_Unsupported_copy_method
709 COPY method is not supported for object &1

$ Error_Execution_context_not_active
710 Target RexxContext is no longer active

$ Error_Execution_library_version
711 Library "&1" is not compatible with current interpreter version.


$ * -------------------------------------------------------------------------- */
$ * --            ==================================================        -- */
$ * --            DO NOT CHANGE THIS FILE, ALL CHANGES WILL BE LOST!        -- */
$ * --            ==================================================        -- */
$ * -------------------------------------------------------------------------- */
